# JRE version: Java(TM) SE Runtime Environment (21.0.1+12) (build 21.0.1+12-LTS-29)
# Java VM: Java HotSpot(TM) 64-Bit Server VM (21.0.1+12-LTS-29, mixed mode, sharing, tiered, compressed oops, compressed class ptrs, g1 gc, windows-amd64)
GC Precious Log:
 CardTable entry size: 512
 Card Set container configuration: InlinePtr #cards 5 size 8 Array Of Cards #cards 12 size 40 Howl #buckets 4 coarsen threshold 1843 Howl Bitmap #cards 512 size 80 coarsen threshold 460 Card regions per heap region 1 cards per card region 2048
 CPUs: 8 total, 8 available
 Memory: 8026M
 Large Page Support: Disabled
 NUMA Support: Disabled
 Compressed Oops: Enabled (32-bit)
 Heap Region Size: 1M
 Heap Min Capacity: 8M
 Heap Initial Capacity: 126M
 Heap Max Capacity: 2008M
 Pre-touch: Disabled
 Parallel Workers: 8
 Concurrent Workers: 2
 Concurrent Refinement Workers: 8
 Periodic GC: Disabled
Heap:
 garbage-first heap   total 65536K, used 33716K [0x0000000082800000, 0x0000000100000000)
  region size 1024K, 17 young (17408K), 3 survivors (3072K)
 Metaspace       used 28821K, committed 29696K, reserved 1114112K
  class space    used 4034K, committed 4416K, reserved 1048576K
GC Heap History (20 events):
Event: 1.247 GC heap before
{Heap before GC invocations=1 (full 0):
 garbage-first heap   total 129024K, used 33144K [0x0000000082800000, 0x0000000100000000)
  region size 1024K, 26 young (26624K), 3 survivors (3072K)
 Metaspace       used 11587K, committed 11840K, reserved 1114112K
  class space    used 1290K, committed 1408K, reserved 1048576K
}
Event: 1.252 GC heap after
{Heap after GC invocations=2 (full 0):
 garbage-first heap   total 129024K, used 12762K [0x0000000082800000, 0x0000000100000000)
  region size 1024K, 3 young (3072K), 3 survivors (3072K)
 Metaspace       used 11587K, committed 11840K, reserved 1114112K
  class space    used 1290K, committed 1408K, reserved 1048576K
}
Event: 3.178 GC heap before
{Heap before GC invocations=2 (full 0):
 garbage-first heap   total 129024K, used 47578K [0x0000000082800000, 0x0000000100000000)
  region size 1024K, 39 young (39936K), 3 survivors (3072K)
 Metaspace       used 20948K, committed 21504K, reserved 1114112K
  class space    used 2820K, committed 3072K, reserved 1048576K
}
Event: 3.185 GC heap after
{Heap after GC invocations=3 (full 0):
 garbage-first heap   total 129024K, used 16516K [0x0000000082800000, 0x0000000100000000)
  region size 1024K, 6 young (6144K), 6 survivors (6144K)
 Metaspace       used 20948K, committed 21504K, reserved 1114112K
  class space    used 2820K, committed 3072K, reserved 1048576K
}
Event: 10.991 GC heap before
{Heap before GC invocations=4 (full 0):
 garbage-first heap   total 65536K, used 48260K [0x0000000082800000, 0x0000000100000000)
  region size 1024K, 38 young (38912K), 6 survivors (6144K)
 Metaspace       used 26319K, committed 27264K, reserved 1114112K
  class space    used 3920K, committed 4352K, reserved 1048576K
}
Event: 11.006 GC heap after
{Heap after GC invocations=5 (full 0):
 garbage-first heap   total 65536K, used 19787K [0x0000000082800000, 0x0000000100000000)
  region size 1024K, 4 young (4096K), 4 survivors (4096K)
 Metaspace       used 26319K, committed 27264K, reserved 1114112K
  class space    used 3920K, committed 4352K, reserved 1048576K
}
Event: 143.855 GC heap before
{Heap before GC invocations=5 (full 0):
 garbage-first heap   total 65536K, used 44363K [0x0000000082800000, 0x0000000100000000)
  region size 1024K, 29 young (29696K), 4 survivors (4096K)
 Metaspace       used 27083K, committed 27968K, reserved 1114112K
  class space    used 3945K, committed 4352K, reserved 1048576K
}
Event: 143.867 GC heap after
{Heap after GC invocations=6 (full 0):
 garbage-first heap   total 65536K, used 19861K [0x0000000082800000, 0x0000000100000000)
  region size 1024K, 1 young (1024K), 1 survivors (1024K)
 Metaspace       used 27083K, committed 27968K, reserved 1114112K
  class space    used 3945K, committed 4352K, reserved 1048576K
}
Event: 202.097 GC heap before
{Heap before GC invocations=6 (full 0):
 garbage-first heap   total 65536K, used 48533K [0x0000000082800000, 0x0000000100000000)
  region size 1024K, 30 young (30720K), 1 survivors (1024K)
 Metaspace       used 28077K, committed 28928K, reserved 1114112K
  class space    used 4025K, committed 4416K, reserved 1048576K
}
Event: 202.102 GC heap after
{Heap after GC invocations=7 (full 0):
 garbage-first heap   total 65536K, used 19922K [0x0000000082800000, 0x0000000100000000)
  region size 1024K, 1 young (1024K), 1 survivors (1024K)
 Metaspace       used 28077K, committed 28928K, reserved 1114112K
  class space    used 4025K, committed 4416K, reserved 1048576K
}
Event: 255.298 GC heap before
{Heap before GC invocations=7 (full 0):
 garbage-first heap   total 65536K, used 51666K [0x0000000082800000, 0x0000000100000000)
  region size 1024K, 33 young (33792K), 1 survivors (1024K)
 Metaspace       used 28294K, committed 29184K, reserved 1114112K
  class space    used 4026K, committed 4416K, reserved 1048576K
}
Event: 255.301 GC heap after
{Heap after GC invocations=8 (full 0):
 garbage-first heap   total 65536K, used 20113K [0x0000000082800000, 0x0000000100000000)
  region size 1024K, 2 young (2048K), 2 survivors (2048K)
 Metaspace       used 28294K, committed 29184K, reserved 1114112K
  class space    used 4026K, committed 4416K, reserved 1048576K
}
Event: 291.913 GC heap before
{Heap before GC invocations=8 (full 0):
 garbage-first heap   total 65536K, used 52881K [0x0000000082800000, 0x0000000100000000)
  region size 1024K, 35 young (35840K), 2 survivors (2048K)
 Metaspace       used 28660K, committed 29504K, reserved 1114112K
  class space    used 4029K, committed 4416K, reserved 1048576K
}
Event: 291.921 GC heap after
{Heap after GC invocations=9 (full 0):
 garbage-first heap   total 65536K, used 21025K [0x0000000082800000, 0x0000000100000000)
  region size 1024K, 3 young (3072K), 3 survivors (3072K)
 Metaspace       used 28660K, committed 29504K, reserved 1114112K
  class space    used 4029K, committed 4416K, reserved 1048576K
}
Event: 342.382 GC heap before
{Heap before GC invocations=9 (full 0):
 garbage-first heap   total 65536K, used 53793K [0x0000000082800000, 0x0000000100000000)
  region size 1024K, 36 young (36864K), 3 survivors (3072K)
 Metaspace       used 28694K, committed 29568K, reserved 1114112K
  class space    used 4033K, committed 4416K, reserved 1048576K
}
Event: 342.411 GC heap after
{Heap after GC invocations=10 (full 0):
 garbage-first heap   total 65536K, used 21010K [0x0000000082800000, 0x0000000100000000)
  region size 1024K, 3 young (3072K), 3 survivors (3072K)
 Metaspace       used 28694K, committed 29568K, reserved 1114112K
  class space    used 4033K, committed 4416K, reserved 1048576K
}
Event: 387.332 GC heap before
{Heap before GC invocations=10 (full 0):
 garbage-first heap   total 65536K, used 55826K [0x0000000082800000, 0x0000000100000000)
  region size 1024K, 38 young (38912K), 3 survivors (3072K)
 Metaspace       used 28755K, committed 29632K, reserved 1114112K
  class space    used 4034K, committed 4416K, reserved 1048576K
}
Event: 387.344 GC heap after
{Heap after GC invocations=11 (full 0):
 garbage-first heap   total 65536K, used 21423K [0x0000000082800000, 0x0000000100000000)
  region size 1024K, 3 young (3072K), 3 survivors (3072K)
 Metaspace       used 28755K, committed 29632K, reserved 1114112K
  class space    used 4034K, committed 4416K, reserved 1048576K
}
Event: 440.851 GC heap before
{Heap before GC invocations=11 (full 0):
 garbage-first heap   total 65536K, used 56239K [0x0000000082800000, 0x0000000100000000)
  region size 1024K, 38 young (38912K), 3 survivors (3072K)
 Metaspace       used 28804K, committed 29632K, reserved 1114112K
  class space    used 4034K, committed 4416K, reserved 1048576K
}
Event: 440.893 GC heap after
{Heap after GC invocations=12 (full 0):
 garbage-first heap   total 65536K, used 21428K [0x0000000082800000, 0x0000000100000000)
  region size 1024K, 3 young (3072K), 3 survivors (3072K)
 Metaspace       used 28804K, committed 29632K, reserved 1114112K
  class space    used 4034K, committed 4416K, reserved 1048576K
}

