<?xml version="1.0" encoding="UTF-8"?>
<!-- Generated by org.testng.reporters.JUnitXMLReporter -->
<testsuite ignored="0" hostname="Sarvgun15" failures="0" tests="27" name="ExtractRecipes" time="0.92" errors="0" timestamp="2024-07-17T12:11:57 MDT">
  <testcase classname="com.LFV.MasterClass" name="myLFVTest" time="0.001">
    <skipped/>
  </testcase> <!-- myLFVTest -->
  <testcase classname="com.LFV.MasterClass" name="myLFVTest" time="0.001">
    <skipped/>
  </testcase> <!-- myLFVTest -->
  <testcase classname="com.LFV.MasterClass" name="myLFVTest" time="0.011">
    <skipped/>
  </testcase> <!-- myLFVTest -->
  <testcase classname="com.LFV.MasterClass" name="myLFVTest" time="0.001">
    <skipped/>
  </testcase> <!-- myLFVTest -->
  <testcase classname="com.LFV.MasterClass" name="myLFVTest" time="0.0">
    <skipped/>
  </testcase> <!-- myLFVTest -->
  <testcase classname="com.LFV.MasterClass" name="myLFVTest" time="0.0">
    <skipped/>
  </testcase> <!-- myLFVTest -->
  <testcase classname="com.LFV.MasterClass" name="myLFVTest" time="0.0">
    <skipped/>
  </testcase> <!-- myLFVTest -->
  <testcase classname="com.LFV.MasterClass" name="myLFVTest" time="0.0">
    <skipped/>
  </testcase> <!-- myLFVTest -->
  <testcase classname="com.LFV.MasterClass" name="myLFVTest" time="0.0">
    <skipped/>
  </testcase> <!-- myLFVTest -->
  <testcase classname="com.LFV.MasterClass" name="myLFVTest" time="0.001">
    <skipped/>
  </testcase> <!-- myLFVTest -->
  <testcase classname="com.LFV.MasterClass" name="myLFVTest" time="0.001">
    <skipped/>
  </testcase> <!-- myLFVTest -->
  <testcase classname="com.LFV.MasterClass" name="myLFVTest" time="0.001">
    <skipped/>
  </testcase> <!-- myLFVTest -->
  <testcase classname="com.LFV.MasterClass" name="myLFVTest" time="0.0">
    <skipped/>
  </testcase> <!-- myLFVTest -->
  <testcase classname="com.LFV.MasterClass" name="myLFVTest" time="0.0">
    <skipped/>
  </testcase> <!-- myLFVTest -->
  <testcase classname="com.LFV.MasterClass" name="myLFVTest" time="0.0">
    <skipped/>
  </testcase> <!-- myLFVTest -->
  <testcase classname="com.LFV.MasterClass" name="myLFVTest" time="0.0">
    <skipped/>
  </testcase> <!-- myLFVTest -->
  <testcase classname="com.LFV.MasterClass" name="myLFVTest" time="0.005">
    <skipped/>
  </testcase> <!-- myLFVTest -->
  <testcase classname="com.LFV.MasterClass" name="myLFVTest" time="0.0">
    <skipped/>
  </testcase> <!-- myLFVTest -->
  <testcase classname="com.LFV.MasterClass" name="myLFVTest" time="0.001">
    <skipped/>
  </testcase> <!-- myLFVTest -->
  <testcase classname="com.LFV.MasterClass" name="myLFVTest" time="0.0">
    <skipped/>
  </testcase> <!-- myLFVTest -->
  <testcase classname="com.LFV.MasterClass" name="myLFVTest" time="0.0">
    <skipped/>
  </testcase> <!-- myLFVTest -->
  <testcase classname="com.LFV.MasterClass" name="myLFVTest" time="0.001">
    <skipped/>
  </testcase> <!-- myLFVTest -->
  <testcase classname="com.LFV.MasterClass" name="myLFVTest" time="0.0">
    <skipped/>
  </testcase> <!-- myLFVTest -->
  <testcase classname="com.LFV.MasterClass" name="myLFVTest" time="0.0">
    <skipped/>
  </testcase> <!-- myLFVTest -->
  <testcase classname="com.LFV.MasterClass" name="myLFVTest" time="0.0">
    <skipped/>
  </testcase> <!-- myLFVTest -->
  <testcase classname="com.LFV.MasterClass" name="myLFVTest" time="0.001">
    <skipped/>
  </testcase> <!-- myLFVTest -->
  <testcase classname="com.LFV.MasterClass" name="myLFVTest" time="0.001">
    <skipped/>
  </testcase> <!-- myLFVTest -->
</testsuite> <!-- ExtractRecipes -->
