<?xml version="1.0" encoding="UTF-8"?>
<!-- Generated by org.testng.reporters.JUnitXMLReporter -->
<testsuite ignored="0" hostname="Sarvgun15" failures="0" tests="0" time="0.081" errors="0" timestamp="2024-07-17T12:11:56 MDT">
  <testcase classname="com.Hook.Hook" name="@BeforeSuite beforeSuiteWork" time="0.079">
    <failure type="java.lang.NullPointerException" message="Cannot invoke &amp;quot;com.LFV.FilterVo.getLstEliminate()&amp;quot; because &amp;quot;filterVo&amp;quot; is null">
      <![CDATA[java.lang.NullPointerException: Cannot invoke "com.LFV.FilterVo.getLstEliminate()" because "filterVo" is null
at com.Hook.Hook.beforeSuiteWork(Hook.java:53)
... Removed 17 stack frames]]>
    </failure>
  </testcase> <!-- @BeforeSuite beforeSuiteWork -->
  <testcase classname="com.Hook.Hook" name="@BeforeTest launchBrowser" time="0.0">
    <skipped/>
  </testcase> <!-- @BeforeTest launchBrowser -->
  <testcase classname="com.Hook.Hook" name="@AfterTest quitBrowser" time="0.0">
    <skipped/>
  </testcase> <!-- @AfterTest quitBrowser -->
</testsuite>
